[2020-03-04 16:14:30] laravel.EMERGENCY: Unable to create configured logger. Using emergency logger. {"exception":"[object] (InvalidArgumentException(code: 0): Log [] is not defined. at /var/www/html/blog/vendor/laravel/framework/src/Illuminate/Log/LogManager.php:168)
[stacktrace]
#0 /var/www/html/blog/vendor/laravel/framework/src/Illuminate/Log/LogManager.php(102): Illuminate\\Log\\LogManager->resolve(NULL)
#1 /var/www/html/blog/vendor/laravel/framework/src/Illuminate/Log/LogManager.php(90): Illuminate\\Log\\LogManager->get(NULL)
#2 /var/www/html/blog/vendor/laravel/framework/src/Illuminate/Log/LogManager.php(500): Illuminate\\Log\\LogManager->driver()
#3 /var/www/html/blog/vendor/laravel/framework/src/Illuminate/Foundation/Exceptions/Handler.php(118): Illuminate\\Log\\LogManager->error('syntax error, u...', Array)
#4 /var/www/html/blog/app/Exceptions/Handler.php(40): Illuminate\\Foundation\\Exceptions\\Handler->report(Object(Symfony\\Component\\Debug\\Exception\\FatalThrowableError))
#5 /var/www/html/blog/vendor/laravel/framework/src/Illuminate/Foundation/Console/Kernel.php(378): App\\Exceptions\\Handler->report(Object(Symfony\\Component\\Debug\\Exception\\FatalThrowableError))
#6 /var/www/html/blog/vendor/laravel/framework/src/Illuminate/Foundation/Console/Kernel.php(143): Illuminate\\Foundation\\Console\\Kernel->reportException(Object(Symfony\\Component\\Debug\\Exception\\FatalThrowableError))
#7 /var/www/html/blog/artisan(37): Illuminate\\Foundation\\Console\\Kernel->handle(Object(Symfony\\Component\\Console\\Input\\ArgvInput), Object(Symfony\\Component\\Console\\Output\\ConsoleOutput))
#8 {main}
"} 
[2020-03-04 16:14:30] laravel.ERROR: syntax error, unexpected ')' {"exception":"[object] (Symfony\\Component\\Debug\\Exception\\FatalThrowableError(code: 0): syntax error, unexpected ')' at /var/www/html/blog/config/database.php:51)
[stacktrace]
#0 /var/www/html/blog/vendor/laravel/framework/src/Illuminate/Foundation/Bootstrap/LoadConfiguration.php(39): Illuminate\\Foundation\\Bootstrap\\LoadConfiguration->loadConfigurationFiles(Object(Illuminate\\Foundation\\Application), Object(Illuminate\\Config\\Repository))
#1 /var/www/html/blog/vendor/laravel/framework/src/Illuminate/Foundation/Application.php(210): Illuminate\\Foundation\\Bootstrap\\LoadConfiguration->bootstrap(Object(Illuminate\\Foundation\\Application))
#2 /var/www/html/blog/vendor/laravel/framework/src/Illuminate/Foundation/Console/Kernel.php(322): Illuminate\\Foundation\\Application->bootstrapWith(Array)
#3 /var/www/html/blog/vendor/laravel/framework/src/Illuminate/Foundation/Console/Kernel.php(131): Illuminate\\Foundation\\Console\\Kernel->bootstrap()
#4 /var/www/html/blog/artisan(37): Illuminate\\Foundation\\Console\\Kernel->handle(Object(Symfony\\Component\\Console\\Input\\ArgvInput), Object(Symfony\\Component\\Console\\Output\\ConsoleOutput))
#5 {main}
"} 
[2020-03-04 16:14:39] laravel.EMERGENCY: Unable to create configured logger. Using emergency logger. {"exception":"[object] (InvalidArgumentException(code: 0): Log [] is not defined. at /var/www/html/blog/vendor/laravel/framework/src/Illuminate/Log/LogManager.php:168)
[stacktrace]
#0 /var/www/html/blog/vendor/laravel/framework/src/Illuminate/Log/LogManager.php(102): Illuminate\\Log\\LogManager->resolve(NULL)
#1 /var/www/html/blog/vendor/laravel/framework/src/Illuminate/Log/LogManager.php(90): Illuminate\\Log\\LogManager->get(NULL)
#2 /var/www/html/blog/vendor/laravel/framework/src/Illuminate/Log/LogManager.php(500): Illuminate\\Log\\LogManager->driver()
#3 /var/www/html/blog/vendor/laravel/framework/src/Illuminate/Foundation/Exceptions/Handler.php(118): Illuminate\\Log\\LogManager->error('syntax error, u...', Array)
#4 /var/www/html/blog/app/Exceptions/Handler.php(40): Illuminate\\Foundation\\Exceptions\\Handler->report(Object(Symfony\\Component\\Debug\\Exception\\FatalThrowableError))
#5 /var/www/html/blog/vendor/laravel/framework/src/Illuminate/Foundation/Console/Kernel.php(378): App\\Exceptions\\Handler->report(Object(Symfony\\Component\\Debug\\Exception\\FatalThrowableError))
#6 /var/www/html/blog/vendor/laravel/framework/src/Illuminate/Foundation/Console/Kernel.php(143): Illuminate\\Foundation\\Console\\Kernel->reportException(Object(Symfony\\Component\\Debug\\Exception\\FatalThrowableError))
#7 /var/www/html/blog/artisan(37): Illuminate\\Foundation\\Console\\Kernel->handle(Object(Symfony\\Component\\Console\\Input\\ArgvInput), Object(Symfony\\Component\\Console\\Output\\ConsoleOutput))
#8 {main}
"} 
[2020-03-04 16:14:39] laravel.ERROR: syntax error, unexpected ')' {"exception":"[object] (Symfony\\Component\\Debug\\Exception\\FatalThrowableError(code: 0): syntax error, unexpected ')' at /var/www/html/blog/config/database.php:51)
[stacktrace]
#0 /var/www/html/blog/vendor/laravel/framework/src/Illuminate/Foundation/Bootstrap/LoadConfiguration.php(39): Illuminate\\Foundation\\Bootstrap\\LoadConfiguration->loadConfigurationFiles(Object(Illuminate\\Foundation\\Application), Object(Illuminate\\Config\\Repository))
#1 /var/www/html/blog/vendor/laravel/framework/src/Illuminate/Foundation/Application.php(210): Illuminate\\Foundation\\Bootstrap\\LoadConfiguration->bootstrap(Object(Illuminate\\Foundation\\Application))
#2 /var/www/html/blog/vendor/laravel/framework/src/Illuminate/Foundation/Console/Kernel.php(322): Illuminate\\Foundation\\Application->bootstrapWith(Array)
#3 /var/www/html/blog/vendor/laravel/framework/src/Illuminate/Foundation/Console/Kernel.php(131): Illuminate\\Foundation\\Console\\Kernel->bootstrap()
#4 /var/www/html/blog/artisan(37): Illuminate\\Foundation\\Console\\Kernel->handle(Object(Symfony\\Component\\Console\\Input\\ArgvInput), Object(Symfony\\Component\\Console\\Output\\ConsoleOutput))
#5 {main}
"} 
